<?xml version="1.0" encoding="UTF-8"?>
<!-- Generated by org.testng.reporters.JUnitReportReporter -->
<testsuite hostname="L440" failures="0" tests="1" name="com.pfw.tests.LoginTest" time="18.478" errors="0" timestamp="2021-05-15T16:01:56 IST" skipped="0">
  <testcase classname="com.pfw.tests.LoginTest" name="EnterAccountAndClick" time="18.478"/>
  <system-out/>
</testsuite> <!-- com.pfw.tests.LoginTest -->
