<?xml version="1.0" encoding="UTF-8"?>
<!-- Generated by org.testng.reporters.JUnitReportReporter -->
<testsuite hostname="L440" failures="0" tests="1" name="com.pfw.tests.LoginTest" time="16.348" errors="0" timestamp="2021-05-22T16:01:21 IST" skipped="0">
  <testcase classname="com.pfw.tests.LoginTest" name="EnterAccountAndClick" time="16.348"/>
  <system-out/>
</testsuite> <!-- com.pfw.tests.LoginTest -->
