<?xml version="1.0" encoding="UTF-8"?>
<!-- Generated by org.testng.reporters.JUnitReportReporter -->
<testsuite hostname="L440" failures="0" tests="1" name="com.pfw.tests.RegisterTest" time="21.284" errors="0" timestamp="2021-05-15T17:09:50 IST" skipped="0">
  <testcase classname="com.pfw.tests.RegisterTest" name="RegisterDetails" time="21.284"/>
  <system-out/>
</testsuite> <!-- com.pfw.tests.RegisterTest -->
