<?xml version="1.0" encoding="UTF-8"?>
<!-- Generated by org.testng.reporters.JUnitReportReporter -->
<testsuite hostname="L440" failures="0" tests="1" name="com.pfw.tests.LoginTest" time="11.075" errors="0" timestamp="2021-05-15T20:13:26 IST" skipped="0">
  <testcase classname="com.pfw.tests.LoginTest" name="EnterAccountAndClick" time="11.075"/>
  <system-out/>
</testsuite> <!-- com.pfw.tests.LoginTest -->
